2021-11-19 14:12:13.346 - error: Error inconvertToBaseTokenURI: countInstancesOf is not defined ReferenceError: countInstancesOf is not defined
    at Module.convertToBaseTokenURI (file:///C:/Users/anhe92/Documents/GitHub/trait-scraper/src/tokenURI.js:51:19)
    at revealCollection (file:///C:/Users/anhe92/Documents/GitHub/trait-scraper/src/collection.js:124:45)
    at processTicksAndRejections (internal/process/task_queues.js:95:5)
    at async fetch (file:///C:/Users/anhe92/Documents/GitHub/trait-scraper/src/collection.js:46:3)
2021-11-19 14:12:13.411 - error: Error inconvertToBaseTokenURI: countInstancesOf is not defined ReferenceError: countInstancesOf is not defined
    at Module.convertToBaseTokenURI (file:///C:/Users/anhe92/Documents/GitHub/trait-scraper/src/tokenURI.js:51:19)
    at revealCollection (file:///C:/Users/anhe92/Documents/GitHub/trait-scraper/src/collection.js:124:45)
    at processTicksAndRejections (internal/process/task_queues.js:95:5)
    at async fetch (file:///C:/Users/anhe92/Documents/GitHub/trait-scraper/src/collection.js:46:3)
2021-11-19 14:12:13.432 - error: Error inconvertToBaseTokenURI: countInstancesOf is not defined ReferenceError: countInstancesOf is not defined
    at Module.convertToBaseTokenURI (file:///C:/Users/anhe92/Documents/GitHub/trait-scraper/src/tokenURI.js:51:19)
    at revealCollection (file:///C:/Users/anhe92/Documents/GitHub/trait-scraper/src/collection.js:124:45)
    at processTicksAndRejections (internal/process/task_queues.js:95:5)
    at async fetch (file:///C:/Users/anhe92/Documents/GitHub/trait-scraper/src/collection.js:46:3)
2021-11-19 14:12:13.969 - error: Error inconvertToBaseTokenURI: countInstancesOf is not defined ReferenceError: countInstancesOf is not defined
    at Module.convertToBaseTokenURI (file:///C:/Users/anhe92/Documents/GitHub/trait-scraper/src/tokenURI.js:51:19)
    at revealCollection (file:///C:/Users/anhe92/Documents/GitHub/trait-scraper/src/collection.js:124:45)
    at processTicksAndRejections (internal/process/task_queues.js:95:5)
    at async fetch (file:///C:/Users/anhe92/Documents/GitHub/trait-scraper/src/collection.js:46:3)
