2021-11-19 14:00:38.166 - info: run program
2021-11-19 14:00:38.169 - info: cmd: reveal, projectId: undefined, options: [object Object]
2021-11-19 14:00:38.169 - info: ------------------------------------------------
2021-11-19 14:00:38.170 - info: Start revealing collections...
2021-11-19 14:00:38.378 - info: Semaphore "getOpenseaAssets" is taken by id "apewives"
2021-11-19 14:00:38.379 - info: (apewives) Get Opensea assets...
2021-11-19 14:00:38.612 - info: (modz) Asset fetcher is busy, wait for my turn to fetch tokens...
2021-11-19 14:00:38.795 - info: (pixelnauts) Asset fetcher is busy, wait for my turn to fetch tokens...
2021-11-19 14:00:38.837 - info: (strongapeclub) Asset fetcher is busy, wait for my turn to fetch tokens...
2021-11-19 14:00:38.850 - info: (angryapearmy) Asset fetcher is busy, wait for my turn to fetch tokens...
2021-11-19 14:00:38.869 - info: (bricktopians) Asset fetcher is busy, wait for my turn to fetch tokens...
2021-11-19 14:00:38.891 - info: (partygrandpa) Asset fetcher is busy, wait for my turn to fetch tokens...
2021-11-19 14:00:39.317 - info: (nfteams) Asset fetcher is busy, wait for my turn to fetch tokens...
2021-11-19 14:00:43.488 - info: (apewives) Batches: 200, numOk: 200, numNotOk: 0, num429: 0
2021-11-19 14:00:43.846 - info: Semaphore "getOpenseaAssets" is taken by id "modz"
2021-11-19 14:00:43.846 - info: (modz) Get Opensea assets...
2021-11-19 14:00:44.034 - info: (modz) Batches: 112, numOk: 0, numNotOk: 112, num429: 112 (retry after 27 secs)
2021-11-19 14:00:54.256 - info: run program
2021-11-19 14:00:54.259 - info: cmd: reveal, projectId: undefined, options: [object Object]
2021-11-19 14:00:54.260 - info: ------------------------------------------------
2021-11-19 14:00:54.260 - info: Start revealing collections...
2021-11-19 14:00:54.468 - info: Semaphore "getOpenseaAssets" is taken by id "apewives"
2021-11-19 14:00:54.469 - info: (apewives) Get Opensea assets...
2021-11-19 14:00:54.697 - info: (modz) Asset fetcher is busy, wait for my turn to fetch tokens...
2021-11-19 14:00:54.883 - info: (pixelnauts) Asset fetcher is busy, wait for my turn to fetch tokens...
2021-11-19 14:00:54.926 - info: (strongapeclub) Asset fetcher is busy, wait for my turn to fetch tokens...
2021-11-19 14:00:54.937 - info: (angryapearmy) Asset fetcher is busy, wait for my turn to fetch tokens...
2021-11-19 14:00:54.956 - info: (bricktopians) Asset fetcher is busy, wait for my turn to fetch tokens...
2021-11-19 14:00:54.977 - info: (partygrandpa) Asset fetcher is busy, wait for my turn to fetch tokens...
2021-11-19 14:00:55.438 - info: (nfteams) Asset fetcher is busy, wait for my turn to fetch tokens...
2021-11-19 14:00:55.795 - info: (apewives) Batches: 200, numOk: 0, numNotOk: 200, num429: 200 (retry after 15 secs)
2021-11-19 14:01:12.990 - info: (apewives) Batches: 200, numOk: 200, numNotOk: 0, num429: 0
2021-11-19 14:01:13.368 - info: Semaphore "getOpenseaAssets" is taken by id "pixelnauts"
2021-11-19 14:01:13.368 - info: (pixelnauts) Get Opensea assets...
2021-11-19 14:01:16.267 - info: (pixelnauts) Batches: 200, numOk: 200, numNotOk: 0, num429: 0
2021-11-19 14:01:16.642 - info: Semaphore "getOpenseaAssets" is taken by id "strongapeclub"
2021-11-19 14:01:16.643 - info: (strongapeclub) Get Opensea assets...
2021-11-19 14:01:17.751 - info: (strongapeclub) Batches: 100, numOk: 0, numNotOk: 100, num429: 100 (retry after 28 secs)
2021-11-19 14:01:24.549 - info: run program
2021-11-19 14:01:24.552 - info: cmd: reveal, projectId: undefined, options: [object Object]
2021-11-19 14:01:24.553 - info: ------------------------------------------------
2021-11-19 14:01:24.554 - info: Start revealing collections...
2021-11-19 14:01:49.736 - info: run program
2021-11-19 14:01:49.739 - info: cmd: reveal, projectId: undefined, options: [object Object]
2021-11-19 14:01:49.740 - info: ------------------------------------------------
2021-11-19 14:01:49.740 - info: Start revealing collections...
2021-11-19 14:01:50.811 - info: (apewives) Wait for reveal...
2021-11-19 14:01:50.815 - info: (modz) Wait for reveal...
2021-11-19 14:01:50.819 - info: (pixelnauts) Wait for reveal...
2021-11-19 14:01:50.820 - info: (strongapeclub) Wait for reveal...
2021-11-19 14:01:50.821 - info: (angryapearmy) Wait for reveal...
2021-11-19 14:01:50.822 - info: (bricktopians) Wait for reveal...
2021-11-19 14:01:50.823 - info: (partygrandpa) Wait for reveal...
2021-11-19 14:01:50.825 - info: (nfteams) Wait for reveal...
2021-11-19 14:01:51.315 - info: (modz) Total tokens: 5555 (Buynow: 1236)
2021-11-19 14:01:51.317 - info: Semaphore "fetchTokenURIs" is taken by id "modz"
2021-11-19 14:01:51.318 - info: (modz) Start fetching tokens...
2021-11-19 14:01:52.163 - info: (nfteams) Total tokens: 10000 (Buynow: 1070)
2021-11-19 14:01:52.165 - info: (nfteams) Token fetcher is busy, wait for my turn to fetch tokens...
2021-11-19 14:01:52.190 - info: (apewives) Total tokens: 10000 (Buynow: 1713)
2021-11-19 14:01:52.191 - info: (apewives) Token fetcher is busy, wait for my turn to fetch tokens...
2021-11-19 14:01:52.337 - info: (modz) End fetching tokens!
2021-11-19 14:01:52.416 - info: Semaphore "fetchTokenURIs" is taken by id "nfteams"
2021-11-19 14:04:46.469 - info: run program
2021-11-19 14:04:46.472 - info: cmd: reveal, projectId: undefined, options: [object Object]
2021-11-19 14:04:46.472 - info: ------------------------------------------------
2021-11-19 14:04:46.473 - info: Start revealing collections...
2021-11-19 14:04:47.540 - info: (apewives) Wait for reveal...
2021-11-19 14:04:47.544 - info: (modz) Wait for reveal...
2021-11-19 14:04:47.548 - info: (pixelnauts) Wait for reveal...
2021-11-19 14:04:47.549 - info: (strongapeclub) Wait for reveal...
2021-11-19 14:04:47.550 - info: (angryapearmy) Wait for reveal...
2021-11-19 14:04:47.551 - info: (bricktopians) Wait for reveal...
2021-11-19 14:04:47.552 - info: (partygrandpa) Wait for reveal...
2021-11-19 14:04:47.555 - info: (nfteams) Wait for reveal...
2021-11-19 14:04:47.934 - info: (nfteams) Total tokens: 10000 (Buynow: 1070)
2021-11-19 14:04:47.936 - info: Semaphore "fetchTokenURIs" is taken by id "nfteams"
2021-11-19 14:04:47.936 - info: (nfteams) Start fetching tokens...
2021-11-19 14:04:48.782 - info: (nfteams) End fetching tokens!
2021-11-19 14:04:51.718 - info: (modz) Total tokens: 5555 (Buynow: 1236)
2021-11-19 14:04:51.719 - info: Semaphore "fetchTokenURIs" is taken by id "modz"
2021-11-19 14:04:51.720 - info: (modz) Start fetching tokens...
2021-11-19 14:12:11.948 - info: run program
2021-11-19 14:12:11.951 - info: cmd: reveal, projectId: undefined, options: [object Object]
2021-11-19 14:12:11.951 - info: ------------------------------------------------
2021-11-19 14:12:11.952 - info: Start revealing collections...
2021-11-19 14:12:12.965 - info: (apewives) Wait for reveal...
2021-11-19 14:12:12.970 - info: (modz) Wait for reveal...
2021-11-19 14:12:12.976 - info: (pixelnauts) Wait for reveal...
2021-11-19 14:12:12.977 - info: (strongapeclub) Wait for reveal...
2021-11-19 14:12:12.978 - info: (angryapearmy) Wait for reveal...
2021-11-19 14:12:12.979 - info: (bricktopians) Wait for reveal...
2021-11-19 14:12:12.980 - info: (partygrandpa) Wait for reveal...
2021-11-19 14:12:12.982 - info: (nfteams) Wait for reveal...
2021-11-19 14:12:13.345 - error: Error inconvertToBaseTokenURI: countInstancesOf is not defined ReferenceError: countInstancesOf is not defined
    at Module.convertToBaseTokenURI (file:///C:/Users/anhe92/Documents/GitHub/trait-scraper/src/tokenURI.js:51:19)
    at revealCollection (file:///C:/Users/anhe92/Documents/GitHub/trait-scraper/src/collection.js:124:45)
    at processTicksAndRejections (internal/process/task_queues.js:95:5)
    at async fetch (file:///C:/Users/anhe92/Documents/GitHub/trait-scraper/src/collection.js:46:3)
2021-11-19 14:12:13.352 - info: (modz) Total tokens: 5555 (Buynow: 1236)
2021-11-19 14:12:13.353 - info: Semaphore "fetchTokenURIs" is taken by id "modz"
2021-11-19 14:12:13.353 - info: (modz) Start fetching tokens...
2021-11-19 14:12:13.410 - error: Error inconvertToBaseTokenURI: countInstancesOf is not defined ReferenceError: countInstancesOf is not defined
    at Module.convertToBaseTokenURI (file:///C:/Users/anhe92/Documents/GitHub/trait-scraper/src/tokenURI.js:51:19)
    at revealCollection (file:///C:/Users/anhe92/Documents/GitHub/trait-scraper/src/collection.js:124:45)
    at processTicksAndRejections (internal/process/task_queues.js:95:5)
    at async fetch (file:///C:/Users/anhe92/Documents/GitHub/trait-scraper/src/collection.js:46:3)
2021-11-19 14:12:13.419 - info: (apewives) Total tokens: 10000 (Buynow: 1713)
2021-11-19 14:12:13.420 - info: (apewives) Token fetcher is busy, wait for my turn to fetch tokens...
2021-11-19 14:12:13.431 - error: Error inconvertToBaseTokenURI: countInstancesOf is not defined ReferenceError: countInstancesOf is not defined
    at Module.convertToBaseTokenURI (file:///C:/Users/anhe92/Documents/GitHub/trait-scraper/src/tokenURI.js:51:19)
    at revealCollection (file:///C:/Users/anhe92/Documents/GitHub/trait-scraper/src/collection.js:124:45)
    at processTicksAndRejections (internal/process/task_queues.js:95:5)
    at async fetch (file:///C:/Users/anhe92/Documents/GitHub/trait-scraper/src/collection.js:46:3)
2021-11-19 14:12:13.440 - info: (nfteams) Total tokens: 10000 (Buynow: 1070)
2021-11-19 14:12:13.441 - info: (nfteams) Token fetcher is busy, wait for my turn to fetch tokens...
2021-11-19 14:12:13.968 - error: Error inconvertToBaseTokenURI: countInstancesOf is not defined ReferenceError: countInstancesOf is not defined
    at Module.convertToBaseTokenURI (file:///C:/Users/anhe92/Documents/GitHub/trait-scraper/src/tokenURI.js:51:19)
    at revealCollection (file:///C:/Users/anhe92/Documents/GitHub/trait-scraper/src/collection.js:124:45)
    at processTicksAndRejections (internal/process/task_queues.js:95:5)
    at async fetch (file:///C:/Users/anhe92/Documents/GitHub/trait-scraper/src/collection.js:46:3)
2021-11-19 14:12:13.981 - info: (pixelnauts) Total tokens: 10000 (Buynow: 442)
2021-11-19 14:12:13.982 - info: (pixelnauts) Token fetcher is busy, wait for my turn to fetch tokens...
2021-11-19 14:12:15.071 - info: (partygrandpa) .
2021-11-19 14:12:15.073 - info: (bricktopians) .
2021-11-19 14:12:15.170 - info: (strongapeclub) .
2021-11-19 14:13:25.745 - info: run program
2021-11-19 14:13:25.748 - info: cmd: reveal, projectId: undefined, options: [object Object]
2021-11-19 14:13:25.748 - info: ------------------------------------------------
2021-11-19 14:13:25.749 - info: Start revealing collections...
2021-11-19 14:13:26.790 - info: (apewives) Wait for reveal...
2021-11-19 14:13:26.797 - info: (modz) Wait for reveal...
2021-11-19 14:13:26.800 - info: (pixelnauts) Wait for reveal...
2021-11-19 14:13:26.801 - info: (strongapeclub) Wait for reveal...
2021-11-19 14:13:26.802 - info: (angryapearmy) Wait for reveal...
2021-11-19 14:13:26.803 - info: (bricktopians) Wait for reveal...
2021-11-19 14:13:26.804 - info: (partygrandpa) Wait for reveal...
2021-11-19 14:13:26.807 - info: (nfteams) Wait for reveal...
2021-11-19 14:13:27.223 - info: (modz) Total tokens: 5555 (Buynow: 1236)
2021-11-19 14:13:27.224 - info: Semaphore "fetchTokenURIs" is taken by id "modz"
2021-11-19 14:13:27.224 - info: (modz) Start fetching tokens...
2021-11-19 14:13:28.040 - info: (nfteams) Total tokens: 10000 (Buynow: 1070)
2021-11-19 14:13:28.041 - info: (nfteams) Token fetcher is busy, wait for my turn to fetch tokens...
2021-11-19 14:13:28.077 - info: (apewives) Total tokens: 10000 (Buynow: 1713)
2021-11-19 14:13:28.078 - info: (apewives) Token fetcher is busy, wait for my turn to fetch tokens...
2021-11-19 14:13:28.086 - info: (pixelnauts) Total tokens: 10000 (Buynow: 442)
2021-11-19 14:13:28.086 - info: (pixelnauts) Token fetcher is busy, wait for my turn to fetch tokens...
2021-11-19 14:13:28.284 - info: (modz) End fetching tokens!
2021-11-19 14:13:28.293 - info: Semaphore "fetchTokenURIs" is taken by id "nfteams"
2021-11-19 14:13:28.294 - info: (nfteams) Start fetching tokens...
2021-11-19 14:13:29.727 - info: (nfteams) End fetching tokens!
2021-11-19 14:13:29.733 - info: Semaphore "fetchTokenURIs" is taken by id "apewives"
2021-11-19 14:13:29.733 - info: (apewives) Start fetching tokens...
2021-11-19 14:13:30.272 - info: (apewives) End fetching tokens!
2021-11-19 14:13:30.282 - info: Semaphore "fetchTokenURIs" is taken by id "pixelnauts"
2021-11-19 14:13:30.282 - info: (pixelnauts) Start fetching tokens...
2021-11-19 14:13:30.705 - info: (pixelnauts) End fetching tokens!
2021-11-19 14:13:36.022 - info: (modz) Stats: { '200': 5463, '404': 92 }
2021-11-19 14:13:36.554 - info: (modz) Finished fetching collection
2021-11-19 14:13:36.555 - info: (nfteams) Stats: { '200': 10000 }
2021-11-19 14:13:38.135 - info: (nfteams) Finished fetching collection
2021-11-19 14:13:48.018 - info: (apewives) Stats: { '200': 10000 }
2021-11-19 14:13:52.684 - info: (apewives) Finished fetching collection
2021-11-19 14:13:52.687 - info: (pixelnauts) Stats: { '200': 10000 }
2021-11-19 14:13:54.504 - info: (pixelnauts) Finished fetching collection
2021-11-19 14:13:55.894 - info: (partygrandpa) .
2021-11-19 14:13:55.958 - info: (bricktopians) .
2021-11-19 14:13:56.192 - info: (angryapearmy) .
2021-11-19 14:13:56.610 - info: (strongapeclub) .
2021-11-19 14:13:57.523 - info: (partygrandpa) .
2021-11-19 14:13:57.570 - info: (bricktopians) .
2021-11-19 14:13:57.744 - info: (angryapearmy) .
2021-11-19 14:13:58.317 - info: (strongapeclub) .
2021-11-19 14:13:58.881 - info: (bricktopians) .
2021-11-19 14:13:59.222 - info: (partygrandpa) .
2021-11-19 14:13:59.235 - info: (angryapearmy) .
2021-11-19 14:13:59.824 - info: (strongapeclub) .
2021-11-19 14:14:00.416 - info: (bricktopians) .
2021-11-19 14:14:00.830 - info: (angryapearmy) .
2021-11-19 14:14:00.915 - info: (partygrandpa) .
2021-11-19 14:14:01.410 - info: (strongapeclub) .
2021-11-19 14:14:01.769 - info: (bricktopians) .
2021-11-19 14:14:02.322 - info: (angryapearmy) .
2021-11-19 14:14:02.497 - info: (partygrandpa) .
2021-11-19 14:14:02.969 - info: (strongapeclub) .
2021-11-19 14:14:03.127 - info: (bricktopians) .
2021-11-19 14:14:03.658 - info: (angryapearmy) .
2021-11-19 14:14:04.050 - info: (partygrandpa) .
2021-11-19 14:14:04.418 - info: (strongapeclub) .
2021-11-19 14:14:04.523 - info: (bricktopians) .
2021-11-19 14:14:05.007 - info: (angryapearmy) .
2021-11-19 14:14:05.548 - info: (partygrandpa) .
2021-11-19 14:14:05.920 - info: (bricktopians) .
2021-11-19 14:14:05.980 - info: (strongapeclub) .
2021-11-19 14:14:06.384 - info: (angryapearmy) .
2021-11-19 14:14:06.953 - info: (partygrandpa) .
2021-11-19 14:14:07.202 - info: (bricktopians) .
2021-11-19 14:14:07.312 - info: (strongapeclub) .
2021-11-19 14:14:07.779 - info: (angryapearmy) .
2021-11-19 14:14:08.391 - info: (partygrandpa) .
2021-11-19 14:14:08.498 - info: (bricktopians) .
2021-11-19 14:14:08.719 - info: (strongapeclub) .
2021-11-19 14:14:09.230 - info: (angryapearmy) .
2021-11-19 14:14:09.787 - info: (bricktopians) .
2021-11-19 14:14:09.878 - info: (partygrandpa) .
2021-11-19 14:14:10.000 - info: (strongapeclub) .
2021-11-19 14:14:10.618 - info: (angryapearmy) .
2021-11-19 14:14:11.170 - info: (bricktopians) .
2021-11-19 14:14:11.274 - info: (strongapeclub) .
2021-11-19 14:14:11.439 - info: (partygrandpa) .
2021-11-19 14:14:12.203 - info: (angryapearmy) .
2021-11-19 14:14:12.453 - info: (bricktopians) .
2021-11-19 14:14:12.642 - info: (strongapeclub) .
2021-11-19 14:14:12.869 - info: (partygrandpa) .
2021-11-19 14:14:13.477 - info: (angryapearmy) .
2021-11-19 14:14:13.779 - info: (bricktopians) .
2021-11-19 14:14:13.963 - info: (strongapeclub) .
2021-11-19 14:14:14.345 - info: (partygrandpa) .
2021-11-19 14:14:14.818 - info: (angryapearmy) .
2021-11-19 14:14:15.098 - info: (bricktopians) .
2021-11-19 14:14:15.280 - info: (strongapeclub) .
