2021-11-19 13:47:23.688 - info: Start revealing collections...
2021-11-19 13:47:23.874 - info: Semaphore "getOpenseaAssets" is taken by id "apewives"
2021-11-19 13:47:23.874 - info: (apewives) Get Opensea assets...
2021-11-19 13:47:24.106 - info: (modz) Asset fetcher is busy, wait for my turn to fetch tokens...
2021-11-19 13:47:24.288 - info: (pixelnauts) Asset fetcher is busy, wait for my turn to fetch tokens...
2021-11-19 13:47:24.330 - info: (strongapeclub) Asset fetcher is busy, wait for my turn to fetch tokens...
2021-11-19 13:47:24.342 - info: (angryapearmy) Asset fetcher is busy, wait for my turn to fetch tokens...
2021-11-19 13:47:24.362 - info: (bricktopians) Asset fetcher is busy, wait for my turn to fetch tokens...
2021-11-19 13:47:24.384 - info: (partygrandpa) Asset fetcher is busy, wait for my turn to fetch tokens...
2021-11-19 13:47:24.827 - info: (nfteams) Asset fetcher is busy, wait for my turn to fetch tokens...
2021-11-19 13:49:39.957 - info: run program
2021-11-19 13:49:39.959 - info: cmd: reveal, projectId: undefined, options: [object Object]
2021-11-19 13:49:39.960 - info: ------------------------------------------------
2021-11-19 13:49:39.961 - info: Start revealing collections...
2021-11-19 13:49:40.166 - info: Semaphore "getOpenseaAssets" is taken by id "apewives"
2021-11-19 13:49:40.166 - info: (apewives) Get Opensea assets...
2021-11-19 13:49:40.399 - info: (modz) Asset fetcher is busy, wait for my turn to fetch tokens...
2021-11-19 13:49:40.581 - info: (pixelnauts) Asset fetcher is busy, wait for my turn to fetch tokens...
2021-11-19 13:49:40.621 - info: (strongapeclub) Asset fetcher is busy, wait for my turn to fetch tokens...
2021-11-19 13:49:40.634 - info: (angryapearmy) Asset fetcher is busy, wait for my turn to fetch tokens...
2021-11-19 13:49:40.653 - info: (bricktopians) Asset fetcher is busy, wait for my turn to fetch tokens...
2021-11-19 13:49:40.675 - info: (partygrandpa) Asset fetcher is busy, wait for my turn to fetch tokens...
2021-11-19 13:49:41.104 - info: (nfteams) Asset fetcher is busy, wait for my turn to fetch tokens...
2021-11-19 13:49:45.182 - info: (apewives) Batches: 200, numOk: 200, numNotOk: 0, num429: 0
2021-11-19 13:49:45.594 - info: Semaphore "getOpenseaAssets" is taken by id "modz"
2021-11-19 13:49:45.595 - info: (modz) Get Opensea assets...
2021-11-19 13:49:45.783 - info: (modz) Batches: 112, numOk: 0, numNotOk: 112, num429: 112 (retry after 27 secs)
2021-11-19 13:50:08.766 - info: run program
2021-11-19 13:50:08.769 - info: cmd: reveal, projectId: undefined, options: [object Object]
2021-11-19 13:50:08.770 - info: ------------------------------------------------
2021-11-19 13:50:08.770 - info: Start revealing collections...
2021-11-19 13:50:08.974 - info: Semaphore "getOpenseaAssets" is taken by id "apewives"
2021-11-19 13:50:08.975 - info: (apewives) Get Opensea assets...
2021-11-19 13:50:09.210 - info: (modz) Asset fetcher is busy, wait for my turn to fetch tokens...
2021-11-19 13:50:09.383 - info: (pixelnauts) Asset fetcher is busy, wait for my turn to fetch tokens...
2021-11-19 13:50:09.422 - info: (strongapeclub) Asset fetcher is busy, wait for my turn to fetch tokens...
2021-11-19 13:50:09.433 - info: (angryapearmy) Asset fetcher is busy, wait for my turn to fetch tokens...
2021-11-19 13:50:09.449 - info: (bricktopians) Asset fetcher is busy, wait for my turn to fetch tokens...
2021-11-19 13:50:09.470 - info: (partygrandpa) Asset fetcher is busy, wait for my turn to fetch tokens...
2021-11-19 13:50:09.888 - info: (nfteams) Asset fetcher is busy, wait for my turn to fetch tokens...
2021-11-19 13:50:10.249 - info: (apewives) Batches: 200, numOk: 0, numNotOk: 200, num429: 200 (retry after 2 secs)
2021-11-19 13:50:39.927 - info: run program
2021-11-19 13:50:39.930 - info: cmd: reveal, projectId: undefined, options: [object Object]
2021-11-19 13:50:39.931 - info: ------------------------------------------------
2021-11-19 13:50:39.931 - info: Start revealing collections...
2021-11-19 13:50:40.133 - info: Semaphore "getOpenseaAssets" is taken by id "apewives"
2021-11-19 13:50:40.133 - info: (apewives) Get Opensea assets...
2021-11-19 13:50:40.360 - info: (modz) Asset fetcher is busy, wait for my turn to fetch tokens...
2021-11-19 13:50:40.535 - info: (pixelnauts) Asset fetcher is busy, wait for my turn to fetch tokens...
2021-11-19 13:50:40.575 - info: (strongapeclub) Asset fetcher is busy, wait for my turn to fetch tokens...
2021-11-19 13:50:40.587 - info: (angryapearmy) Asset fetcher is busy, wait for my turn to fetch tokens...
2021-11-19 13:50:40.606 - info: (bricktopians) Asset fetcher is busy, wait for my turn to fetch tokens...
2021-11-19 13:50:40.628 - info: (partygrandpa) Asset fetcher is busy, wait for my turn to fetch tokens...
2021-11-19 13:50:41.055 - info: (nfteams) Asset fetcher is busy, wait for my turn to fetch tokens...
2021-11-19 13:50:42.478 - info: (apewives) Batches: 200, numOk: 200, numNotOk: 0, num429: 0
2021-11-19 13:50:42.828 - info: Semaphore "getOpenseaAssets" is taken by id "pixelnauts"
2021-11-19 13:50:42.829 - info: (pixelnauts) Get Opensea assets...
2021-11-19 13:51:06.103 - info: run program
2021-11-19 13:51:06.106 - info: cmd: reveal, projectId: undefined, options: [object Object]
2021-11-19 13:51:06.106 - info: ------------------------------------------------
2021-11-19 13:51:06.107 - info: Start revealing collections...
2021-11-19 13:51:06.309 - info: Semaphore "getOpenseaAssets" is taken by id "apewives"
2021-11-19 13:51:06.310 - info: (apewives) Get Opensea assets...
2021-11-19 13:51:06.526 - info: (modz) Asset fetcher is busy, wait for my turn to fetch tokens...
2021-11-19 13:51:06.702 - info: (pixelnauts) Asset fetcher is busy, wait for my turn to fetch tokens...
2021-11-19 13:51:06.743 - info: (strongapeclub) Asset fetcher is busy, wait for my turn to fetch tokens...
2021-11-19 13:51:06.754 - info: (angryapearmy) Asset fetcher is busy, wait for my turn to fetch tokens...
2021-11-19 13:51:06.772 - info: (bricktopians) Asset fetcher is busy, wait for my turn to fetch tokens...
2021-11-19 13:51:06.794 - info: (partygrandpa) Asset fetcher is busy, wait for my turn to fetch tokens...
2021-11-19 13:51:07.218 - info: (nfteams) Asset fetcher is busy, wait for my turn to fetch tokens...
2021-11-19 13:51:07.575 - info: (apewives) Batches: 200, numOk: 0, numNotOk: 200, num429: 200 (retry after 7 secs)
2021-11-19 13:51:18.212 - info: (apewives) Batches: 200, numOk: 200, numNotOk: 0, num429: 0
2021-11-19 13:51:18.578 - info: Semaphore "getOpenseaAssets" is taken by id "nfteams"
2021-11-19 13:51:18.578 - info: (nfteams) Get Opensea assets...
2021-11-19 13:51:19.772 - info: (nfteams) Batches: 200, numOk: 0, numNotOk: 200, num429: 200 (retry after 27 secs)
2021-11-19 13:51:50.703 - info: (nfteams) Batches: 200, numOk: 200, numNotOk: 0, num429: 0
2021-11-19 13:51:51.278 - info: Semaphore "getOpenseaAssets" is taken by id "modz"
2021-11-19 13:51:51.283 - info: (modz) Get Opensea assets...
2021-11-19 13:51:52.415 - info: (modz) Batches: 112, numOk: 0, numNotOk: 112, num429: 112 (retry after 27 secs)
2021-11-19 13:52:22.913 - info: (modz) Batches: 112, numOk: 112, numNotOk: 0, num429: 0
2021-11-19 13:52:23.586 - info: Semaphore "getOpenseaAssets" is taken by id "pixelnauts"
2021-11-19 13:52:23.587 - info: (pixelnauts) Get Opensea assets...
2021-11-19 13:52:24.077 - info: (pixelnauts) Batches: 200, numOk: 0, numNotOk: 200, num429: 200 (retry after 27 secs)
2021-11-19 13:52:53.923 - info: (pixelnauts) Batches: 200, numOk: 200, numNotOk: 0, num429: 0
2021-11-19 13:52:54.945 - info: Semaphore "getOpenseaAssets" is taken by id "strongapeclub"
2021-11-19 13:52:54.946 - info: (strongapeclub) Get Opensea assets...
2021-11-19 13:52:56.070 - info: (strongapeclub) Batches: 100, numOk: 0, numNotOk: 100, num429: 100 (retry after 27 secs)
2021-11-19 13:53:25.904 - info: (strongapeclub) Batches: 100, numOk: 100, numNotOk: 0, num429: 0
2021-11-19 13:53:26.276 - info: Semaphore "getOpenseaAssets" is taken by id "angryapearmy"
2021-11-19 13:53:26.278 - info: (angryapearmy) Get Opensea assets...
2021-11-19 13:53:27.355 - info: (angryapearmy) Batches: 67, numOk: 0, numNotOk: 67, num429: 67 (retry after 28 secs)
2021-11-19 13:53:58.103 - info: (angryapearmy) Batches: 67, numOk: 67, numNotOk: 0, num429: 0
2021-11-19 13:53:58.598 - info: Semaphore "getOpenseaAssets" is taken by id "bricktopians"
2021-11-19 13:53:58.600 - info: (bricktopians) Get Opensea assets...
2021-11-19 13:53:58.945 - info: (bricktopians) Batches: 200, numOk: 0, numNotOk: 200, num429: 200 (retry after 28 secs)
2021-11-19 13:54:29.852 - info: (bricktopians) Batches: 200, numOk: 200, numNotOk: 0, num429: 0
2021-11-19 13:54:30.092 - info: Semaphore "getOpenseaAssets" is taken by id "partygrandpa"
2021-11-19 13:54:30.092 - info: (partygrandpa) Get Opensea assets...
2021-11-19 13:54:30.479 - info: (partygrandpa) Batches: 201, numOk: 0, numNotOk: 201, num429: 201 (retry after 28 secs)
2021-11-19 13:55:01.653 - info: (partygrandpa) Batches: 201, numOk: 201, numNotOk: 0, num429: 0
